0 info it worked if it ends with ok
1 verbose cli [ 'C:\\Development\\node\\\\node.exe',
1 verbose cli   'C:\\Development\\node\\node_modules\\npm\\bin\\npm-cli.js',
1 verbose cli   'install' ]
2 info using npm@1.4.28
3 info using node@v0.10.32
4 verbose node symlink C:\Development\node\\node.exe
5 error install Couldn't read dependencies
6 error package.json ENOENT, open 'C:\Users\Alpha\Documents\GitHub\SBL-Sidebar\package.json'
6 error package.json This is most likely not a problem with npm itself.
6 error package.json npm can't find a package.json file in your current directory.
7 error System Windows_NT 6.1.7601
8 error command "C:\\Development\\node\\\\node.exe" "C:\\Development\\node\\node_modules\\npm\\bin\\npm-cli.js" "install"
9 error cwd C:\Users\Alpha\Documents\GitHub\SBL-Sidebar
10 error node -v v0.10.32
11 error npm -v 1.4.28
12 error path C:\Users\Alpha\Documents\GitHub\SBL-Sidebar\package.json
13 error code ENOPACKAGEJSON
14 error errno 34
15 verbose exit [ 34, true ]
